{"/home/ronin/frontend-project-lvl2/src/index.js": {"path":"/home/ronin/frontend-project-lvl2/src/index.js","statementMap":{"0":{"start":{"line":6,"column":16},"end":{"line":39,"column":1}},"1":{"start":{"line":7,"column":19},"end":{"line":7,"column":108}},"2":{"start":{"line":7,"column":33},"end":{"line":7,"column":108}},"3":{"start":{"line":8,"column":18},"end":{"line":8,"column":33}},"4":{"start":{"line":9,"column":18},"end":{"line":9,"column":33}},"5":{"start":{"line":10,"column":22},"end":{"line":10,"column":42}},"6":{"start":{"line":11,"column":22},"end":{"line":11,"column":42}},"7":{"start":{"line":12,"column":21},"end":{"line":12,"column":54}},"8":{"start":{"line":14,"column":27},"end":{"line":31,"column":8}},"9":{"start":{"line":15,"column":4},"end":{"line":17,"column":5}},"10":{"start":{"line":16,"column":6},"end":{"line":16,"column":63}},"11":{"start":{"line":18,"column":4},"end":{"line":20,"column":5}},"12":{"start":{"line":19,"column":6},"end":{"line":19,"column":63}},"13":{"start":{"line":21,"column":4},"end":{"line":29,"column":5}},"14":{"start":{"line":22,"column":6},"end":{"line":25,"column":7}},"15":{"start":{"line":23,"column":8},"end":{"line":23,"column":65}},"16":{"start":{"line":24,"column":8},"end":{"line":24,"column":65}},"17":{"start":{"line":26,"column":6},"end":{"line":28,"column":7}},"18":{"start":{"line":27,"column":8},"end":{"line":27,"column":65}},"19":{"start":{"line":30,"column":4},"end":{"line":30,"column":18}},"20":{"start":{"line":32,"column":33},"end":{"line":32,"column":75}},"21":{"start":{"line":32,"column":68},"end":{"line":32,"column":73}},"22":{"start":{"line":33,"column":17},"end":{"line":36,"column":8}},"23":{"start":{"line":34,"column":4},"end":{"line":34,"column":58}},"24":{"start":{"line":35,"column":4},"end":{"line":35,"column":15}},"25":{"start":{"line":37,"column":26},"end":{"line":37,"column":54}},"26":{"start":{"line":38,"column":2},"end":{"line":38,"column":25}}},"fnMap":{"0":{"name":"(anonymous_0)","decl":{"start":{"line":6,"column":16},"end":{"line":6,"column":17}},"loc":{"start":{"line":6,"column":34},"end":{"line":39,"column":1}},"line":6},"1":{"name":"(anonymous_1)","decl":{"start":{"line":7,"column":19},"end":{"line":7,"column":20}},"loc":{"start":{"line":7,"column":33},"end":{"line":7,"column":108}},"line":7},"2":{"name":"(anonymous_2)","decl":{"start":{"line":14,"column":45},"end":{"line":14,"column":46}},"loc":{"start":{"line":14,"column":62},"end":{"line":31,"column":3}},"line":14},"3":{"name":"(anonymous_3)","decl":{"start":{"line":32,"column":61},"end":{"line":32,"column":62}},"loc":{"start":{"line":32,"column":68},"end":{"line":32,"column":73}},"line":32},"4":{"name":"(anonymous_4)","decl":{"start":{"line":33,"column":47},"end":{"line":33,"column":48}},"loc":{"start":{"line":33,"column":62},"end":{"line":36,"column":3}},"line":33}},"branchMap":{"0":{"loc":{"start":{"line":15,"column":4},"end":{"line":17,"column":5}},"type":"if","locations":[{"start":{"line":15,"column":4},"end":{"line":17,"column":5}},{"start":{"line":15,"column":4},"end":{"line":17,"column":5}}],"line":15},"1":{"loc":{"start":{"line":18,"column":4},"end":{"line":20,"column":5}},"type":"if","locations":[{"start":{"line":18,"column":4},"end":{"line":20,"column":5}},{"start":{"line":18,"column":4},"end":{"line":20,"column":5}}],"line":18},"2":{"loc":{"start":{"line":21,"column":4},"end":{"line":29,"column":5}},"type":"if","locations":[{"start":{"line":21,"column":4},"end":{"line":29,"column":5}},{"start":{"line":21,"column":4},"end":{"line":29,"column":5}}],"line":21},"3":{"loc":{"start":{"line":21,"column":8},"end":{"line":21,"column":50}},"type":"binary-expr","locations":[{"start":{"line":21,"column":8},"end":{"line":21,"column":27}},{"start":{"line":21,"column":31},"end":{"line":21,"column":50}}],"line":21},"4":{"loc":{"start":{"line":22,"column":6},"end":{"line":25,"column":7}},"type":"if","locations":[{"start":{"line":22,"column":6},"end":{"line":25,"column":7}},{"start":{"line":22,"column":6},"end":{"line":25,"column":7}}],"line":22},"5":{"loc":{"start":{"line":26,"column":6},"end":{"line":28,"column":7}},"type":"if","locations":[{"start":{"line":26,"column":6},"end":{"line":28,"column":7}},{"start":{"line":26,"column":6},"end":{"line":28,"column":7}}],"line":26}},"s":{"0":1,"1":1,"2":2,"3":1,"4":1,"5":1,"6":1,"7":1,"8":1,"9":5,"10":1,"11":5,"12":2,"13":5,"14":2,"15":1,"16":1,"17":2,"18":1,"19":5,"20":1,"21":6,"22":1,"23":6,"24":6,"25":1,"26":1},"f":{"0":1,"1":2,"2":5,"3":6,"4":6},"b":{"0":[1,4],"1":[2,3],"2":[2,3],"3":[5,4],"4":[1,1],"5":[1,1]},"inputSourceMap":null,"_coverageSchema":"1a1c01bbd47fc00a2c39e90264f33305004495a9","hash":"e4808daa5c5a9b8c38e9b363e1eff1ee398343e4"}
}
