TN:
SF:src/index.js
FN:6,(anonymous_0)
FN:7,(anonymous_1)
FN:14,(anonymous_2)
FN:32,(anonymous_3)
FN:33,(anonymous_4)
FNF:5
FNH:5
FNDA:1,(anonymous_0)
FNDA:2,(anonymous_1)
FNDA:5,(anonymous_2)
FNDA:6,(anonymous_3)
FNDA:6,(anonymous_4)
DA:6,1
DA:7,2
DA:8,1
DA:9,1
DA:10,1
DA:11,1
DA:12,1
DA:14,1
DA:15,5
DA:16,1
DA:18,5
DA:19,2
DA:21,5
DA:22,2
DA:23,1
DA:24,1
DA:26,2
DA:27,1
DA:30,5
DA:32,6
DA:33,1
DA:34,6
DA:35,6
DA:37,1
DA:38,1
LF:25
LH:25
BRDA:15,0,0,1
BRDA:15,0,1,4
BRDA:18,1,0,2
BRDA:18,1,1,3
BRDA:21,2,0,2
BRDA:21,2,1,3
BRDA:21,3,0,5
BRDA:21,3,1,4
BRDA:22,4,0,1
BRDA:22,4,1,1
BRDA:26,5,0,1
BRDA:26,5,1,1
BRF:12
BRH:12
end_of_record
